<?xml version="1.0" encoding="UTF-8"?>
<!-- Generated by org.testng.reporters.JUnitReportReporter -->
<testsuite hostname="DESKTOP-U5TU676" failures="0" tests="2" name="Registered_Private_car.Private_car" time="652.940" errors="1" timestamp="2024-12-03T18:31:07 IST" skipped="0">
  <testcase classname="Registered_Private_car.Private_car" name="RegisteredCar" time="505.669"/>
  <testcase classname="Registered_Private_car.Private_car" name="RegisteredCar" time="147.271">
    <error message="no such element: Unable to locate element: {&quot;method&quot;:&quot;xpath&quot;,&quot;selector&quot;:&quot;/html/body/dx-dijta-home-root/dx-vertical-layout/dx-layout/content/app-parent-qms/dx-compact-content/dx-layout-content/div/div/dx-qms-private-motor/div/dx-qms-nav-menu-layout/div[2]/div/div/app-private-motor-vehicle-details/form/div/dx-qms-nav-menu-content/div/div/div/div[1]/div[3]/div[4]/mat-accordion/mat-expansion-panel/div/div/dx-qms-risk-detail-sum-insure/div/div/div[1]/div[1]/dx-autocomplete-select/div/mat-form-field/div/div[1]/div[3]/mat-select/div/div[1]&quot;}
  (Session info: MicrosoftEdge=131.0.2903.70)
For documentation on this error, please visit: https://www.selenium.dev/documentation/webdriver/troubleshooting/errors#no-such-element-exception
Build info: version: &#039;4.17.0&#039;, revision: &#039;e52b1be057*&#039;
System info: os.name: &#039;Windows 10&#039;, os.arch: &#039;amd64&#039;, os.version: &#039;10.0&#039;, java.version: &#039;21.0.2&#039;
Driver info: org.openqa.selenium.edge.EdgeDriver
Command: [c7cff0c2fc5bb6b50f078b1d78dd3860, findElement {value=/html/body/dx-dijta-home-root/dx-vertical-layout/dx-layout/content/app-parent-qms/dx-compact-content/dx-layout-content/div/div/dx-qms-private-motor/div/dx-qms-nav-menu-layout/div[2]/div/div/app-private-motor-vehicle-details/form/div/dx-qms-nav-menu-content/div/div/div/div[1]/div[3]/div[4]/mat-accordion/mat-expansion-panel/div/div/dx-qms-risk-detail-sum-insure/div/div/div[1]/div[1]/dx-autocomplete-select/div/mat-form-field/div/div[1]/div[3]/mat-select/div/div[1], using=xpath}]
Capabilities {acceptInsecureCerts: false, browserName: MicrosoftEdge, browserVersion: 131.0.2903.70, fedcm:accounts: true, ms:edgeOptions: {debuggerAddress: localhost:51499}, msedge: {msedgedriverVersion: 131.0.2903.70 (73cf19ceae66..., userDataDir: C:\WINDOWS\SystemTemp\scope...}, networkConnectionEnabled: false, pageLoadStrategy: normal, platformName: windows, proxy: Proxy(), se:cdp: ws://localhost:51499/devtoo..., se:cdpVersion: 131.0.2903.70, setWindowRect: true, strictFileInteractability: false, timeouts: {implicit: 0, pageLoad: 300000, script: 30000}, unhandledPromptBehavior: dismiss and notify, webauthn:extension:credBlob: true, webauthn:extension:largeBlob: true, webauthn:extension:minPinLength: true, webauthn:extension:prf: true, webauthn:virtualAuthenticators: true}
Session ID: c7cff0c2fc5bb6b50f078b1d78dd3860" type="org.openqa.selenium.NoSuchElementException">
      <![CDATA[org.openqa.selenium.NoSuchElementException: no such element: Unable to locate element: {"method":"xpath","selector":"/html/body/dx-dijta-home-root/dx-vertical-layout/dx-layout/content/app-parent-qms/dx-compact-content/dx-layout-content/div/div/dx-qms-private-motor/div/dx-qms-nav-menu-layout/div[2]/div/div/app-private-motor-vehicle-details/form/div/dx-qms-nav-menu-content/div/div/div/div[1]/div[3]/div[4]/mat-accordion/mat-expansion-panel/div/div/dx-qms-risk-detail-sum-insure/div/div/div[1]/div[1]/dx-autocomplete-select/div/mat-form-field/div/div[1]/div[3]/mat-select/div/div[1]"}
  (Session info: MicrosoftEdge=131.0.2903.70)
For documentation on this error, please visit: https://www.selenium.dev/documentation/webdriver/troubleshooting/errors#no-such-element-exception
Build info: version: '4.17.0', revision: 'e52b1be057*'
System info: os.name: 'Windows 10', os.arch: 'amd64', os.version: '10.0', java.version: '21.0.2'
Driver info: org.openqa.selenium.edge.EdgeDriver
Command: [c7cff0c2fc5bb6b50f078b1d78dd3860, findElement {value=/html/body/dx-dijta-home-root/dx-vertical-layout/dx-layout/content/app-parent-qms/dx-compact-content/dx-layout-content/div/div/dx-qms-private-motor/div/dx-qms-nav-menu-layout/div[2]/div/div/app-private-motor-vehicle-details/form/div/dx-qms-nav-menu-content/div/div/div/div[1]/div[3]/div[4]/mat-accordion/mat-expansion-panel/div/div/dx-qms-risk-detail-sum-insure/div/div/div[1]/div[1]/dx-autocomplete-select/div/mat-form-field/div/div[1]/div[3]/mat-select/div/div[1], using=xpath}]
Capabilities {acceptInsecureCerts: false, browserName: MicrosoftEdge, browserVersion: 131.0.2903.70, fedcm:accounts: true, ms:edgeOptions: {debuggerAddress: localhost:51499}, msedge: {msedgedriverVersion: 131.0.2903.70 (73cf19ceae66..., userDataDir: C:\WINDOWS\SystemTemp\scope...}, networkConnectionEnabled: false, pageLoadStrategy: normal, platformName: windows, proxy: Proxy(), se:cdp: ws://localhost:51499/devtoo..., se:cdpVersion: 131.0.2903.70, setWindowRect: true, strictFileInteractability: false, timeouts: {implicit: 0, pageLoad: 300000, script: 30000}, unhandledPromptBehavior: dismiss and notify, webauthn:extension:credBlob: true, webauthn:extension:largeBlob: true, webauthn:extension:minPinLength: true, webauthn:extension:prf: true, webauthn:virtualAuthenticators: true}
Session ID: c7cff0c2fc5bb6b50f078b1d78dd3860
at java.base/jdk.internal.reflect.DirectConstructorHandleAccessor.newInstance(DirectConstructorHandleAccessor.java:62)
at java.base/java.lang.reflect.Constructor.newInstanceWithCaller(Constructor.java:502)
at java.base/java.lang.reflect.Constructor.newInstance(Constructor.java:486)
at org.openqa.selenium.remote.codec.w3c.W3CHttpResponseCodec.createException(W3CHttpResponseCodec.java:185)
at org.openqa.selenium.remote.codec.w3c.W3CHttpResponseCodec.decode(W3CHttpResponseCodec.java:134)
at org.openqa.selenium.remote.codec.w3c.W3CHttpResponseCodec.decode(W3CHttpResponseCodec.java:51)
at org.openqa.selenium.remote.HttpCommandExecutor.execute(HttpCommandExecutor.java:190)
at org.openqa.selenium.remote.service.DriverCommandExecutor.invokeExecute(DriverCommandExecutor.java:216)
at org.openqa.selenium.remote.service.DriverCommandExecutor.execute(DriverCommandExecutor.java:174)
at org.openqa.selenium.remote.RemoteWebDriver.execute(RemoteWebDriver.java:519)
at org.openqa.selenium.remote.ElementLocation$ElementFinder$2.findElement(ElementLocation.java:165)
at org.openqa.selenium.remote.ElementLocation.findElement(ElementLocation.java:59)
at org.openqa.selenium.remote.RemoteWebDriver.findElement(RemoteWebDriver.java:356)
at org.openqa.selenium.remote.RemoteWebDriver.findElement(RemoteWebDriver.java:350)
at Z_Base.Base_Agent.click(Base_Agent.java:135)
at Registered_Private_car.Private_car.RegisteredCar(Private_car.java:63)
at java.base/jdk.internal.reflect.DirectMethodHandleAccessor.invoke(DirectMethodHandleAccessor.java:103)
at java.base/java.lang.reflect.Method.invoke(Method.java:580)
at org.testng.internal.invokers.MethodInvocationHelper.invokeMethod(MethodInvocationHelper.java:139)
at org.testng.internal.invokers.TestInvoker.invokeMethod(TestInvoker.java:664)
at org.testng.internal.invokers.TestInvoker.invokeTestMethod(TestInvoker.java:228)
at org.testng.internal.invokers.MethodRunner.runInSequence(MethodRunner.java:63)
at org.testng.internal.invokers.TestInvoker$MethodInvocationAgent.invoke(TestInvoker.java:961)
at org.testng.internal.invokers.TestInvoker.invokeTestMethods(TestInvoker.java:201)
at org.testng.internal.invokers.TestMethodWorker.invokeTestMethods(TestMethodWorker.java:148)
at org.testng.internal.invokers.TestMethodWorker.run(TestMethodWorker.java:128)
at java.base/java.util.ArrayList.forEach(ArrayList.java:1596)
at org.testng.TestRunner.privateRun(TestRunner.java:819)
at org.testng.TestRunner.run(TestRunner.java:619)
at org.testng.SuiteRunner.runTest(SuiteRunner.java:443)
at org.testng.SuiteRunner.runSequentially(SuiteRunner.java:437)
at org.testng.SuiteRunner.privateRun(SuiteRunner.java:397)
at org.testng.SuiteRunner.run(SuiteRunner.java:336)
at org.testng.SuiteRunnerWorker.runSuite(SuiteRunnerWorker.java:52)
at org.testng.SuiteRunnerWorker.run(SuiteRunnerWorker.java:95)
at org.testng.TestNG.runSuitesSequentially(TestNG.java:1301)
at org.testng.TestNG.runSuitesLocally(TestNG.java:1228)
at org.testng.TestNG.runSuites(TestNG.java:1134)
at org.testng.TestNG.run(TestNG.java:1101)
at org.testng.remote.AbstractRemoteTestNG.run(AbstractRemoteTestNG.java:115)
at org.testng.remote.RemoteTestNG.initAndRun(RemoteTestNG.java:293)
at org.testng.remote.RemoteTestNG.main(RemoteTestNG.java:91)
]]>
    </error>
  </testcase> <!-- RegisteredCar -->
</testsuite> <!-- Registered_Private_car.Private_car -->
