<?xml version="1.0" encoding="UTF-8"?>
<testng-results ignored="0" total="2" passed="0" failed="2" skipped="0">
  <reporter-output>
  </reporter-output>
  <suite started-at="2024-12-04T10:09:37 IST" name="Default suite" finished-at="2024-12-04T10:16:45 IST" duration-ms="427916">
    <groups>
    </groups>
    <test started-at="2024-12-04T10:09:37 IST" name="Default test" finished-at="2024-12-04T10:16:45 IST" duration-ms="427916">
      <class name="Registerd_Vechile.Private_car">
        <test-method is-config="true" signature="setup()[pri:0, instance:Registerd_Vechile.Private_car@5d28bcd5]" started-at="2024-12-04T10:09:02 IST" name="setup" finished-at="2024-12-04T10:09:37 IST" duration-ms="34859" status="PASS">
          <reporter-output>
          </reporter-output>
        </test-method> <!-- setup -->
        <test-method signature="RegisteredCar(java.util.Hashtable,java.lang.reflect.Method)[pri:0, instance:Registerd_Vechile.Private_car@5d28bcd5]" started-at="2024-12-04T10:09:37 IST" name="RegisteredCar" data-provider="dp" finished-at="2024-12-04T10:16:30 IST" duration-ms="412630" status="FAIL">
          <params>
            <param index="0">
              <value>
                <![CDATA[{Test Case=Isuue Policy with Registred Vechile with Comprehensive Coverage, Vechcle Reg=VGE1519, Quote Status=, PH ID=760620086186, Gross Premium=, Garage Type=Locked Compound, Total Payable Premium=, Stamp Duty=, SST=, Vehicle Sum Insured=, Coverage Type=Comprehensive, Ploicy Number=, NCD=, Quote Number=, Place Of Use=Johor, Act Premium=, Scenario=Registred Vechile, Anti Theft=Others(WITH MECHANICAL DEVICE), Extra Benefits Total=, Rebate=, Name As Per ID=Santhosh1, Premium after NCD=, Safety Features=ABS & Airbags 1, Basic Premium=, Driving Experience=2 - 5 years, Sno=1.0}]]>
              </value>
            </param>
            <param index="1">
              <value>
                <![CDATA[public void Registerd_Vechile.Private_car.RegisteredCar(java.util.Hashtable,java.lang.reflect.Method) throws java.lang.InterruptedException]]>
              </value>
            </param>
          </params>
          <exception class="java.lang.NullPointerException">
            <message>
              <![CDATA[Cannot invoke "org.openqa.selenium.WebElement.getText()" because the return value of "Registerd_Vechile.Private_car.print(String)" is null]]>
            </message>
            <full-stacktrace>
              <![CDATA[java.lang.NullPointerException: Cannot invoke "org.openqa.selenium.WebElement.getText()" because the return value of "Registerd_Vechile.Private_car.print(String)" is null
at Registerd_Vechile.Private_car.RegisteredCar(Private_car.java:139)
at java.base/jdk.internal.reflect.DirectMethodHandleAccessor.invoke(DirectMethodHandleAccessor.java:103)
at java.base/java.lang.reflect.Method.invoke(Method.java:580)
at org.testng.internal.invokers.MethodInvocationHelper.invokeMethod(MethodInvocationHelper.java:139)
at org.testng.internal.invokers.TestInvoker.invokeMethod(TestInvoker.java:664)
at org.testng.internal.invokers.TestInvoker.invokeTestMethod(TestInvoker.java:228)
at org.testng.internal.invokers.MethodRunner.runInSequence(MethodRunner.java:63)
at org.testng.internal.invokers.TestInvoker$MethodInvocationAgent.invoke(TestInvoker.java:961)
at org.testng.internal.invokers.TestInvoker.invokeTestMethods(TestInvoker.java:201)
at org.testng.internal.invokers.TestMethodWorker.invokeTestMethods(TestMethodWorker.java:148)
at org.testng.internal.invokers.TestMethodWorker.run(TestMethodWorker.java:128)
at java.base/java.util.ArrayList.forEach(ArrayList.java:1596)
at org.testng.TestRunner.privateRun(TestRunner.java:819)
at org.testng.TestRunner.run(TestRunner.java:619)
at org.testng.SuiteRunner.runTest(SuiteRunner.java:443)
at org.testng.SuiteRunner.runSequentially(SuiteRunner.java:437)
at org.testng.SuiteRunner.privateRun(SuiteRunner.java:397)
at org.testng.SuiteRunner.run(SuiteRunner.java:336)
at org.testng.SuiteRunnerWorker.runSuite(SuiteRunnerWorker.java:52)
at org.testng.SuiteRunnerWorker.run(SuiteRunnerWorker.java:95)
at org.testng.TestNG.runSuitesSequentially(TestNG.java:1301)
at org.testng.TestNG.runSuitesLocally(TestNG.java:1228)
at org.testng.TestNG.runSuites(TestNG.java:1134)
at org.testng.TestNG.run(TestNG.java:1101)
at org.testng.remote.AbstractRemoteTestNG.run(AbstractRemoteTestNG.java:115)
at org.testng.remote.RemoteTestNG.initAndRun(RemoteTestNG.java:293)
at org.testng.remote.RemoteTestNG.main(RemoteTestNG.java:91)
]]>
            </full-stacktrace>
          </exception> <!-- java.lang.NullPointerException -->
          <reporter-output>
          </reporter-output>
        </test-method> <!-- RegisteredCar -->
        <test-method signature="RegisteredCar(java.util.Hashtable,java.lang.reflect.Method)[pri:0, instance:Registerd_Vechile.Private_car@5d28bcd5]" started-at="2024-12-04T10:16:30 IST" name="RegisteredCar" data-provider="dp" finished-at="2024-12-04T10:16:45 IST" duration-ms="15117" status="FAIL">
          <params>
            <param index="0">
              <value>
                <![CDATA[{Test Case=, Vechcle Reg=, Quote Status=, PH ID=, Gross Premium=, Garage Type=, Total Payable Premium=, Stamp Duty=, SST=, Vehicle Sum Insured=, Coverage Type=, Ploicy Number=, NCD=, Quote Number=, Place Of Use=, Act Premium=, Scenario=, Anti Theft=, Extra Benefits Total=, Rebate=, Name As Per ID=, Premium after NCD=, Safety Features=, Basic Premium=, Driving Experience=, Sno=}]]>
              </value>
            </param>
            <param index="1">
              <value>
                <![CDATA[public void Registerd_Vechile.Private_car.RegisteredCar(java.util.Hashtable,java.lang.reflect.Method) throws java.lang.InterruptedException]]>
              </value>
            </param>
          </params>
          <exception class="org.openqa.selenium.NoSuchElementException">
            <message>
              <![CDATA[no such element: Unable to locate element: {"method":"xpath","selector":"/html/body/dx-dijta-home-root/dx-vertical-layout/dx-layout/content/dx-dijta-home-root/dx-compact-content/dx-layout-content/div/dx-dijta-home-dashboard/div/dx-group-wrapper/div/dx-launchpad/div/div/div/div/dx-gridster-wrapper/gridster/gridster-item[6]/div/app-webcomponent-loader/div/dx-dijta-home-basic-tile/div/div[2]/button/span"}
  (Session info: MicrosoftEdge=131.0.2903.70)
For documentation on this error, please visit: https://www.selenium.dev/documentation/webdriver/troubleshooting/errors#no-such-element-exception
Build info: version: '4.17.0', revision: 'e52b1be057*'
System info: os.name: 'Windows 10', os.arch: 'amd64', os.version: '10.0', java.version: '21.0.2'
Driver info: org.openqa.selenium.edge.EdgeDriver
Command: [3f1d91c9fd70cf87fd311e1cc3b2f2ca, findElement {value=/html/body/dx-dijta-home-root/dx-vertical-layout/dx-layout/content/dx-dijta-home-root/dx-compact-content/dx-layout-content/div/dx-dijta-home-dashboard/div/dx-group-wrapper/div/dx-launchpad/div/div/div/div/dx-gridster-wrapper/gridster/gridster-item[6]/div/app-webcomponent-loader/div/dx-dijta-home-basic-tile/div/div[2]/button/span, using=xpath}]
Capabilities {acceptInsecureCerts: false, browserName: MicrosoftEdge, browserVersion: 131.0.2903.70, fedcm:accounts: true, ms:edgeOptions: {debuggerAddress: localhost:58434}, msedge: {msedgedriverVersion: 131.0.2903.70 (73cf19ceae66..., userDataDir: C:\WINDOWS\SystemTemp\scope...}, networkConnectionEnabled: false, pageLoadStrategy: normal, platformName: windows, proxy: Proxy(), se:cdp: ws://localhost:58434/devtoo..., se:cdpVersion: 131.0.2903.70, setWindowRect: true, strictFileInteractability: false, timeouts: {implicit: 0, pageLoad: 300000, script: 30000}, unhandledPromptBehavior: dismiss and notify, webauthn:extension:credBlob: true, webauthn:extension:largeBlob: true, webauthn:extension:minPinLength: true, webauthn:extension:prf: true, webauthn:virtualAuthenticators: true}
Session ID: 3f1d91c9fd70cf87fd311e1cc3b2f2ca]]>
            </message>
            <full-stacktrace>
              <![CDATA[org.openqa.selenium.NoSuchElementException: no such element: Unable to locate element: {"method":"xpath","selector":"/html/body/dx-dijta-home-root/dx-vertical-layout/dx-layout/content/dx-dijta-home-root/dx-compact-content/dx-layout-content/div/dx-dijta-home-dashboard/div/dx-group-wrapper/div/dx-launchpad/div/div/div/div/dx-gridster-wrapper/gridster/gridster-item[6]/div/app-webcomponent-loader/div/dx-dijta-home-basic-tile/div/div[2]/button/span"}
  (Session info: MicrosoftEdge=131.0.2903.70)
For documentation on this error, please visit: https://www.selenium.dev/documentation/webdriver/troubleshooting/errors#no-such-element-exception
Build info: version: '4.17.0', revision: 'e52b1be057*'
System info: os.name: 'Windows 10', os.arch: 'amd64', os.version: '10.0', java.version: '21.0.2'
Driver info: org.openqa.selenium.edge.EdgeDriver
Command: [3f1d91c9fd70cf87fd311e1cc3b2f2ca, findElement {value=/html/body/dx-dijta-home-root/dx-vertical-layout/dx-layout/content/dx-dijta-home-root/dx-compact-content/dx-layout-content/div/dx-dijta-home-dashboard/div/dx-group-wrapper/div/dx-launchpad/div/div/div/div/dx-gridster-wrapper/gridster/gridster-item[6]/div/app-webcomponent-loader/div/dx-dijta-home-basic-tile/div/div[2]/button/span, using=xpath}]
Capabilities {acceptInsecureCerts: false, browserName: MicrosoftEdge, browserVersion: 131.0.2903.70, fedcm:accounts: true, ms:edgeOptions: {debuggerAddress: localhost:58434}, msedge: {msedgedriverVersion: 131.0.2903.70 (73cf19ceae66..., userDataDir: C:\WINDOWS\SystemTemp\scope...}, networkConnectionEnabled: false, pageLoadStrategy: normal, platformName: windows, proxy: Proxy(), se:cdp: ws://localhost:58434/devtoo..., se:cdpVersion: 131.0.2903.70, setWindowRect: true, strictFileInteractability: false, timeouts: {implicit: 0, pageLoad: 300000, script: 30000}, unhandledPromptBehavior: dismiss and notify, webauthn:extension:credBlob: true, webauthn:extension:largeBlob: true, webauthn:extension:minPinLength: true, webauthn:extension:prf: true, webauthn:virtualAuthenticators: true}
Session ID: 3f1d91c9fd70cf87fd311e1cc3b2f2ca
at java.base/jdk.internal.reflect.DirectConstructorHandleAccessor.newInstance(DirectConstructorHandleAccessor.java:62)
at java.base/java.lang.reflect.Constructor.newInstanceWithCaller(Constructor.java:502)
at java.base/java.lang.reflect.Constructor.newInstance(Constructor.java:486)
at org.openqa.selenium.remote.codec.w3c.W3CHttpResponseCodec.createException(W3CHttpResponseCodec.java:185)
at org.openqa.selenium.remote.codec.w3c.W3CHttpResponseCodec.decode(W3CHttpResponseCodec.java:134)
at org.openqa.selenium.remote.codec.w3c.W3CHttpResponseCodec.decode(W3CHttpResponseCodec.java:51)
at org.openqa.selenium.remote.HttpCommandExecutor.execute(HttpCommandExecutor.java:190)
at org.openqa.selenium.remote.service.DriverCommandExecutor.invokeExecute(DriverCommandExecutor.java:216)
at org.openqa.selenium.remote.service.DriverCommandExecutor.execute(DriverCommandExecutor.java:174)
at org.openqa.selenium.remote.RemoteWebDriver.execute(RemoteWebDriver.java:519)
at org.openqa.selenium.remote.ElementLocation$ElementFinder$2.findElement(ElementLocation.java:165)
at org.openqa.selenium.remote.ElementLocation.findElement(ElementLocation.java:59)
at org.openqa.selenium.remote.RemoteWebDriver.findElement(RemoteWebDriver.java:356)
at org.openqa.selenium.remote.RemoteWebDriver.findElement(RemoteWebDriver.java:350)
at Z_Base.Base_Agent.Baseclick(Base_Agent.java:123)
at Registerd_Vechile.Private_car.RegisteredCar(Private_car.java:20)
at java.base/jdk.internal.reflect.DirectMethodHandleAccessor.invoke(DirectMethodHandleAccessor.java:103)
at java.base/java.lang.reflect.Method.invoke(Method.java:580)
at org.testng.internal.invokers.MethodInvocationHelper.invokeMethod(MethodInvocationHelper.java:139)
at org.testng.internal.invokers.TestInvoker.invokeMethod(TestInvoker.java:664)
at org.testng.internal.invokers.TestInvoker.invokeTestMethod(TestInvoker.java:228)
at org.testng.internal.invokers.MethodRunner.runInSequence(MethodRunner.java:63)
at org.testng.internal.invokers.TestInvoker$MethodInvocationAgent.invoke(TestInvoker.java:961)
at org.testng.internal.invokers.TestInvoker.invokeTestMethods(TestInvoker.java:201)
at org.testng.internal.invokers.TestMethodWorker.invokeTestMethods(TestMethodWorker.java:148)
at org.testng.internal.invokers.TestMethodWorker.run(TestMethodWorker.java:128)
at java.base/java.util.ArrayList.forEach(ArrayList.java:1596)
at org.testng.TestRunner.privateRun(TestRunner.java:819)
at org.testng.TestRunner.run(TestRunner.java:619)
at org.testng.SuiteRunner.runTest(SuiteRunner.java:443)
at org.testng.SuiteRunner.runSequentially(SuiteRunner.java:437)
at org.testng.SuiteRunner.privateRun(SuiteRunner.java:397)
at org.testng.SuiteRunner.run(SuiteRunner.java:336)
at org.testng.SuiteRunnerWorker.runSuite(SuiteRunnerWorker.java:52)
at org.testng.SuiteRunnerWorker.run(SuiteRunnerWorker.java:95)
at org.testng.TestNG.runSuitesSequentially(TestNG.java:1301)
at org.testng.TestNG.runSuitesLocally(TestNG.java:1228)
at org.testng.TestNG.runSuites(TestNG.java:1134)
at org.testng.TestNG.run(TestNG.java:1101)
at org.testng.remote.AbstractRemoteTestNG.run(AbstractRemoteTestNG.java:115)
at org.testng.remote.RemoteTestNG.initAndRun(RemoteTestNG.java:293)
at org.testng.remote.RemoteTestNG.main(RemoteTestNG.java:91)
]]>
            </full-stacktrace>
          </exception> <!-- org.openqa.selenium.NoSuchElementException -->
          <reporter-output>
          </reporter-output>
        </test-method> <!-- RegisteredCar -->
        <test-method is-config="true" signature="tearDown()[pri:0, instance:Registerd_Vechile.Private_car@5d28bcd5]" started-at="2024-12-04T10:16:45 IST" name="tearDown" finished-at="2024-12-04T10:17:02 IST" duration-ms="17285" status="PASS">
          <reporter-output>
          </reporter-output>
        </test-method> <!-- tearDown -->
      </class> <!-- Registerd_Vechile.Private_car -->
    </test> <!-- Default test -->
  </suite> <!-- Default suite -->
</testng-results>
